2024-11-01 13:34:01.592 INFO: MACE version: 0.3.6
2024-11-01 13:34:01.593 INFO: Configuration: Namespace(config=None, name='mace_advance_1', seed=0, log_dir='logs', model_dir='.', checkpoints_dir='checkpoints', results_dir='results', downloads_dir='downloads', device='cpu', default_dtype='float32', distributed=False, log_level='INFO', error_table='PerAtomRMSE', model='MACE', r_max=5.0, radial_type='bessel', num_radial_basis=8, num_cutoff_basis=5, pair_repulsion=False, distance_transform='None', interaction='RealAgnosticResidualInteractionBlock', interaction_first='RealAgnosticResidualInteractionBlock', max_ell=3, correlation=3, num_interactions=2, MLP_irreps='16x0e', radial_MLP='[64, 64, 64]', hidden_irreps='128x0e + 128x1o', num_channels=None, max_L=None, gate='silu', scaling='rms_forces_scaling', avg_num_neighbors=1, compute_avg_num_neighbors=True, compute_stress=False, compute_forces=True, train_file='train.xyz', valid_file='valid.xyz', valid_fraction=0.1, test_file='test.xyz', test_dir=None, multi_processed_test=False, num_workers=0, pin_memory=True, atomic_numbers='[29, 79]', mean=None, std=None, statistics_file=None, E0s='foundation', keep_isolated_atoms=False, energy_key='REF_energy', forces_key='REF_forces', virials_key='virials', stress_key='stress', dipole_key='dipole', charges_key='charges', loss='weighted', forces_weight=1.0, swa_forces_weight=100.0, energy_weight=1.0, swa_energy_weight=1000.0, virials_weight=1.0, swa_virials_weight=10.0, stress_weight=1.0, swa_stress_weight=10.0, dipole_weight=1.0, swa_dipole_weight=1.0, config_type_weights='{"Default":1.0}', huber_delta=0.01, optimizer='adam', beta=0.9, batch_size=4, valid_batch_size=10, lr=0.01, swa_lr=0.001, weight_decay=1e-08, amsgrad=True, scheduler='ReduceLROnPlateau', lr_factor=0.8, scheduler_patience=50, lr_scheduler_gamma=0.9993, swa=False, start_swa=None, ema=True, ema_decay=0.99, max_num_epochs=10, patience=2048, foundation_model='medium', foundation_model_readout=True, eval_interval=2, keep_checkpoints=False, save_all_checkpoints=False, restart_latest=False, save_cpu=False, clip_grad=10.0, wandb=False, wandb_dir=None, wandb_project='', wandb_entity='', wandb_name='', wandb_log_hypers=['num_channels', 'max_L', 'correlation', 'lr', 'swa_lr', 'weight_decay', 'batch_size', 'max_num_epochs', 'start_swa', 'energy_weight', 'forces_weight'])
2024-11-01 13:34:01.593 INFO: Using CPU
2024-11-01 13:34:01.753 INFO: Current Git commit: eec8034a0864b0dbe769f08fecc2cd4bc14ad304
2024-11-01 13:34:01.754 INFO: Using foundation model mace-mp-0 medium as initial checkpoint.
2024-11-01 13:34:01.931 INFO: Using CPU
2024-11-01 13:34:01.978 INFO: Since ASE version 3.23.0b1, using stress_key 'stress' is no longer safe when communicating between MACE and ASE. We recommend using a different key, rewriting energies to 'REF_stress'. You need to use --stress_key='REF_stress', to tell the key name chosen.
2024-11-01 13:34:01.979 INFO: Loaded 45 training configurations from 'train.xyz'
2024-11-01 13:34:01.995 INFO: Since ASE version 3.23.0b1, using stress_key 'stress' is no longer safe when communicating between MACE and ASE. We recommend using a different key, rewriting energies to 'REF_stress'. You need to use --stress_key='REF_stress', to tell the key name chosen.
2024-11-01 13:34:01.996 INFO: Loaded 45 validation configurations from 'valid.xyz'
2024-11-01 13:34:02.012 INFO: Since ASE version 3.23.0b1, using stress_key 'stress' is no longer safe when communicating between MACE and ASE. We recommend using a different key, rewriting energies to 'REF_stress'. You need to use --stress_key='REF_stress', to tell the key name chosen.
2024-11-01 13:34:02.013 INFO: Loaded 45 test configurations from 'test.xyz'
2024-11-01 13:34:02.014 INFO: Total number of configurations: train=45, valid=45, tests=[Default: 45]
2024-11-01 13:34:02.014 INFO: Using atomic numbers from command line argument
2024-11-01 13:34:02.014 INFO: AtomicNumberTable: (29, 79)
2024-11-01 13:34:02.014 INFO: Using atomic energies from foundation model
2024-11-01 13:34:02.014 INFO: Atomic energies: [-3.252072811126709, -2.3800926208496094]
2024-11-01 13:34:02.056 INFO: WeightedEnergyForcesLoss(energy_weight=1.000, forces_weight=1.000)
2024-11-01 13:34:02.074 INFO: Average number of neighbors: 1.0
2024-11-01 13:34:02.074 INFO: Selected the following outputs: {'energy': True, 'forces': True, 'virials': False, 'stress': False, 'dipoles': False}
2024-11-01 13:34:02.090 INFO: Building model
2024-11-01 13:34:03.561 INFO: ScaleShiftMACE(
  (node_embedding): LinearNodeEmbeddingBlock(
    (linear): Linear(2x0e -> 128x0e | 256 weights)
  )
  (radial_embedding): RadialEmbeddingBlock(
    (bessel_fn): BesselBasis(r_max=6.0, num_basis=10, trainable=True)
    (cutoff_fn): PolynomialCutoff(p=5.0, r_max=6.0)
  )
  (spherical_harmonics): SphericalHarmonics()
  (atomic_energies_fn): AtomicEnergiesBlock(energies=[-3.2521, -2.3801])
  (interactions): ModuleList(
    (0): RealAgnosticResidualInteractionBlock(
      (linear_up): Linear(128x0e -> 128x0e | 16384 weights)
      (conv_tp): TensorProduct(128x0e x 1x0e+1x1o+1x2e+1x3o -> 128x0e+128x1o+128x2e+128x3o | 512 paths | 512 weights)
      (conv_tp_weights): FullyConnectedNet[10, 64, 64, 64, 512]
      (linear): Linear(128x0e+128x1o+128x2e+128x3o -> 128x0e+128x1o+128x2e+128x3o | 65536 weights)
      (skip_tp): FullyConnectedTensorProduct(128x0e x 2x0e -> 128x0e+128x1o | 32768 paths | 32768 weights)
      (reshape): reshape_irreps()
    )
    (1): RealAgnosticResidualInteractionBlock(
      (linear_up): Linear(128x0e+128x1o -> 128x0e+128x1o | 32768 weights)
      (conv_tp): TensorProduct(128x0e+128x1o x 1x0e+1x1o+1x2e+1x3o -> 256x0e+384x1o+384x2e+256x3o | 1280 paths | 1280 weights)
      (conv_tp_weights): FullyConnectedNet[10, 64, 64, 64, 1280]
      (linear): Linear(256x0e+384x1o+384x2e+256x3o -> 128x0e+128x1o+128x2e+128x3o | 163840 weights)
      (skip_tp): FullyConnectedTensorProduct(128x0e+128x1o x 2x0e -> 128x0e | 32768 paths | 32768 weights)
      (reshape): reshape_irreps()
    )
  )
  (products): ModuleList(
    (0): EquivariantProductBasisBlock(
      (symmetric_contractions): SymmetricContraction(
        (contractions): ModuleList(
          (0): Contraction(
            (contractions_weighting): ModuleList(
              (0-1): 2 x GraphModule()
            )
            (contractions_features): ModuleList(
              (0-1): 2 x GraphModule()
            )
            (weights): ParameterList(
                (0): Parameter containing: [torch.float32 of size 2x4x128]
                (1): Parameter containing: [torch.float32 of size 2x1x128]
            )
            (graph_opt_main): GraphModule()
          )
          (1): Contraction(
            (contractions_weighting): ModuleList(
              (0-1): 2 x GraphModule()
            )
            (contractions_features): ModuleList(
              (0-1): 2 x GraphModule()
            )
            (weights): ParameterList(
                (0): Parameter containing: [torch.float32 of size 2x6x128]
                (1): Parameter containing: [torch.float32 of size 2x1x128]
            )
            (graph_opt_main): GraphModule()
          )
        )
      )
      (linear): Linear(128x0e+128x1o -> 128x0e+128x1o | 32768 weights)
    )
    (1): EquivariantProductBasisBlock(
      (symmetric_contractions): SymmetricContraction(
        (contractions): ModuleList(
          (0): Contraction(
            (contractions_weighting): ModuleList(
              (0-1): 2 x GraphModule()
            )
            (contractions_features): ModuleList(
              (0-1): 2 x GraphModule()
            )
            (weights): ParameterList(
                (0): Parameter containing: [torch.float32 of size 2x4x128]
                (1): Parameter containing: [torch.float32 of size 2x1x128]
            )
            (graph_opt_main): GraphModule()
          )
        )
      )
      (linear): Linear(128x0e -> 128x0e | 16384 weights)
    )
  )
  (readouts): ModuleList(
    (0): LinearReadoutBlock(
      (linear): Linear(128x0e+128x1o -> 1x0e | 128 weights)
    )
    (1): NonLinearReadoutBlock(
      (linear_1): Linear(128x0e -> 16x0e | 2048 weights)
      (non_linearity): Activation [x] (16x0e -> 16x0e)
      (linear_2): Linear(16x0e -> 1x0e | 16 weights)
    )
  )
  (scale_shift): ScaleShiftBlock(scale=0.804154, shift=0.164097)
)
2024-11-01 13:34:03.564 INFO: Number of parameters: 557210
2024-11-01 13:34:03.564 INFO: Optimizer: Adam (
Parameter Group 0
    amsgrad: True
    betas: (0.9, 0.999)
    capturable: False
    differentiable: False
    eps: 1e-08
    foreach: None
    fused: None
    lr: 0.01
    maximize: False
    name: embedding
    weight_decay: 0.0

Parameter Group 1
    amsgrad: True
    betas: (0.9, 0.999)
    capturable: False
    differentiable: False
    eps: 1e-08
    foreach: None
    fused: None
    lr: 0.01
    maximize: False
    name: interactions_decay
    weight_decay: 1e-08

Parameter Group 2
    amsgrad: True
    betas: (0.9, 0.999)
    capturable: False
    differentiable: False
    eps: 1e-08
    foreach: None
    fused: None
    lr: 0.01
    maximize: False
    name: interactions_no_decay
    weight_decay: 0.0

Parameter Group 3
    amsgrad: True
    betas: (0.9, 0.999)
    capturable: False
    differentiable: False
    eps: 1e-08
    foreach: None
    fused: None
    lr: 0.01
    maximize: False
    name: products
    weight_decay: 1e-08

Parameter Group 4
    amsgrad: True
    betas: (0.9, 0.999)
    capturable: False
    differentiable: False
    eps: 1e-08
    foreach: None
    fused: None
    lr: 0.01
    maximize: False
    name: readouts
    weight_decay: 0.0
)
2024-11-01 13:34:03.564 INFO: Using gradient clipping with tolerance=10.000
2024-11-01 13:34:03.564 INFO: Started training
2024-11-01 13:34:05.347 INFO: Epoch None: loss=244.2276, RMSE_E_per_atom=3174.5 meV, RMSE_F=49317.2 meV / A
2024-11-01 13:34:09.400 INFO: Epoch 0: loss=338.0235, RMSE_E_per_atom=8409.8 meV, RMSE_F=57528.2 meV / A
2024-11-01 13:34:14.227 INFO: Epoch 2: loss=102.5824, RMSE_E_per_atom=934.8 meV, RMSE_F=32014.8 meV / A
2024-11-01 13:34:18.796 INFO: Epoch 4: loss=2713.2280, RMSE_E_per_atom=9927.1 meV, RMSE_F=164419.4 meV / A
2024-11-01 13:34:23.229 INFO: Epoch 6: loss=11.8926, RMSE_E_per_atom=1008.2 meV, RMSE_F=10858.6 meV / A
2024-11-01 13:34:27.382 INFO: Epoch 8: loss=28.5844, RMSE_E_per_atom=678.7 meV, RMSE_F=16893.1 meV / A
2024-11-01 13:34:29.205 INFO: Training complete
2024-11-01 13:34:29.205 INFO: Computing metrics for training, validation, and test sets
2024-11-01 13:34:29.236 INFO: Loading checkpoint: checkpoints/mace_advance_1_run-0_epoch-6.pt
2024-11-01 13:34:29.260 INFO: Loaded model from epoch 6
2024-11-01 13:34:29.261 INFO: Evaluating train ...
2024-11-01 13:34:31.020 INFO: Evaluating valid ...
2024-11-01 13:34:31.381 INFO: Evaluating Default ...
2024-11-01 13:34:31.742 INFO: 
+-------------+---------------------+------------------+-------------------+
| config_type | RMSE E / meV / atom | RMSE F / meV / A | relative F RMSE % |
+-------------+---------------------+------------------+-------------------+
|    train    |        997.9        |     10977.0      |       31.47       |
|    valid    |        1008.2       |     10858.6      |       31.42       |
|   Default   |        1008.2       |     10858.6      |       31.42       |
+-------------+---------------------+------------------+-------------------+
2024-11-01 13:34:31.742 INFO: Saving model to checkpoints/mace_advance_1_run-0.model
2024-11-01 13:34:31.902 INFO: Compiling model, saving metadata to mace_advance_1_compiled.model
2024-11-01 13:34:33.105 INFO: Done
